<?xml version="1.0" encoding="UTF-8"?>
<!-- Generated by org.testng.reporters.JUnitReportReporter -->
<testsuite skipped="0" hostname="IGSA937002-PC" name="com.w2a.Testcases.OpenAccount" tests="1" failures="0" timestamp="2021-07-02T11:32:53 AEST" time="1.048" errors="0">
  <testcase name="openAccount" time="1.048" classname="com.w2a.Testcases.OpenAccount"/>
  <system-out>
<a target =_blank  href =C:\Lingaraj\1625189572065Fri_Jul_02_11_32_35_AEST_2021pass.jpg>ScreenShotPathPassedLink</a>  </system-out>
</testsuite> <!-- com.w2a.Testcases.OpenAccount -->
