<?xml version="1.0" encoding="UTF-8"?>
<!-- Generated by org.testng.reporters.JUnitReportReporter -->
<testsuite skipped="0" hostname="IGSA937002-PC" name="com.w2a.Testcases.BankManagerLogin" tests="1" failures="0" timestamp="2021-08-21T23:14:33 AEST" time="2.253" errors="0">
  <testcase name="loginsa" time="2.253" classname="com.w2a.Testcases.BankManagerLogin"/>
  <system-out>
Test passed  </system-out>
</testsuite> <!-- com.w2a.Testcases.BankManagerLogin -->
