<?xml version="1.0" encoding="UTF-8"?>
<!-- Generated by org.testng.reporters.JUnitReportReporter -->
<testsuite skipped="0" hostname="IGSA937002-PC" name="com.w2a.Testcases.addCustomer" tests="3" failures="0" timestamp="2021-08-21T16:10:27 AEST" time="3.213" errors="0">
  <testcase name="enterCustomerData" time="0.781" classname="com.w2a.Testcases.addCustomer"/>
  <system-out>
<a target =_blank  href =C:\Lingaraj\1629526221148Sat_Aug_21_16_10_05_AEST_2021pass.jpg>ScreenShotPathPassedLink</a>  </system-out>
  <testcase name="enterCustomerData" time="0.804" classname="com.w2a.Testcases.addCustomer"/>
  <system-out>
<a target =_blank  href =C:\Lingaraj\1629526222413Sat_Aug_21_16_10_05_AEST_2021pass.jpg>ScreenShotPathPassedLink</a>  </system-out>
  <testcase name="enterCustomerData" time="1.628" classname="com.w2a.Testcases.addCustomer"/>
  <system-out>
<a target =_blank  href =C:\Lingaraj\1629526219612Sat_Aug_21_16_10_05_AEST_2021pass.jpg>ScreenShotPathPassedLink</a>  </system-out>
</testsuite> <!-- com.w2a.Testcases.addCustomer -->
