<?xml version="1.0" encoding="UTF-8"?>
<!-- Generated by org.testng.reporters.JUnitReportReporter -->
<testsuite skipped="0" hostname="IGSA937002-PC" name="com.w2a.Testcases.BankManagerLogin" tests="1" failures="0" timestamp="2021-08-21T16:10:27 AEST" time="5.366" errors="0">
  <testcase name="loginsa" time="5.366" classname="com.w2a.Testcases.BankManagerLogin"/>
  <system-out>
Test passed <a target =_blank  href =C:\Lingaraj\1629526216370Sat_Aug_21_16_10_05_AEST_2021pass.jpg>ScreenShotPathPassedLink</a>  </system-out>
</testsuite> <!-- com.w2a.Testcases.BankManagerLogin -->
