<?xml version="1.0" encoding="UTF-8"?>
<!-- Generated by org.testng.reporters.JUnitReportReporter -->
<testsuite skipped="0" hostname="IGSA937002-PC" name="com.w2a.Testcases.OpenAccount" tests="2" failures="0" timestamp="2021-08-21T16:10:27 AEST" time="1.705" errors="0">
  <testcase name="openAccount" time="1.091" classname="com.w2a.Testcases.OpenAccount"/>
  <system-out>
<a target =_blank  href =C:\Lingaraj\1629526224138Sat_Aug_21_16_10_05_AEST_2021pass.jpg>ScreenShotPathPassedLink</a>  </system-out>
  <testcase name="openAccount" time="0.614" classname="com.w2a.Testcases.OpenAccount"/>
  <system-out>
<a target =_blank  href =C:\Lingaraj\1629526225214Sat_Aug_21_16_10_05_AEST_2021pass.jpg>ScreenShotPathPassedLink</a>  </system-out>
</testsuite> <!-- com.w2a.Testcases.OpenAccount -->
